00:02:33 **** Incremental Build of configuration Debug for project clase1ytbis2a ****
Info: Internal Builder is used for build
gcc -O0 -g3 -Wall -c -fmessage-length=0 -o "src\\clase1ytbis2.o" "..\\src\\clase1ytbis2.c" 
..\src\clase1ytbis2.c: In function `main':
..\src\clase1ytbis2.c:24: error: `i' undeclared (first use in this function)
..\src\clase1ytbis2.c:24: error: (Each undeclared identifier is reported only once
..\src\clase1ytbis2.c:24: error: for each function it appears in.)

00:02:33 Build Failed. 1 errors, 0 warnings. (took 90ms)

